<?xml version="1.0" encoding="UTF-8"?>
<testsuites>
    <testsuite name="force.apex" timestamp="2025-08-25T08:49:47.000Z" hostname="https://tonygward-sf-gmail-dev-ed.my.salesforce.com" tests="23" failures="0"  errors="0"  time="4.86">
        <properties>
            <property name="outcome" value="Successful"/>
            <property name="testsRan" value="23"/>
            <property name="passing" value="23"/>
            <property name="failing" value="0"/>
            <property name="skipped" value="0"/>
            <property name="passRate" value="100%"/>
            <property name="failRate" value="0%"/>
            <property name="testStartTime" value="Mon Aug 25 2025 9:49:47 AM"/>
            <property name="testSetupTimeInMs" value="0"/>
            <property name="testExecutionTime" value="4.86 s"/>
            <property name="testTotalTime" value="4.86 s"/>
            <property name="commandTime" value="0.13 s"/>
            <property name="hostname" value="https://tonygward-sf-gmail-dev-ed.my.salesforce.com"/>
            <property name="orgId" value="00D4K000000CqxoUAC"/>
            <property name="username" value="tonygward.salesforce@gmail.com"/>
            <property name="testRunId" value="707J900001geWMW"/>
            <property name="userId" value="0054K000000Dkd1QAC"/>
            <property name="coveredLines" value="189"/>
            <property name="testRunCoverage" value="94%"/>
            <property name="orgWideCoverage" value="64%"/>
        </properties>
        <testcase name="recordManuallyShared" classname="JobSharingTests" time="0.99">
        </testcase>
        <testcase name="apiCalled" classname="SelfShuntTests" time="0.01">
        </testcase>
        <testcase name="testGetPagedPropertyList" classname="TestPropertyController" time="1.24">
        </testcase>
        <testcase name="testGetPicturesNoResults" classname="TestPropertyController" time="0.04">
        </testcase>
        <testcase name="testGetPicturesWithResults" classname="TestPropertyController" time="0.42">
        </testcase>
        <testcase name="defaultsToZero" classname="StringKataTests" time="0.01">
        </testcase>
        <testcase name="returnsSingleNumber" classname="StringKataTests" time="0.00">
        </testcase>
        <testcase name="getFormattedDateStubProvider" classname="DateFormatterTests" time="0.09">
        </testcase>
        <testcase name="getFormattedDateStubProviderCleaner" classname="DateFormatterTests" time="0.01">
        </testcase>
        <testcase name="testCallout" classname="ContinuationControllerTests" time="0.03">
        </testcase>
        <testcase name="blankAddress" classname="GeocodingServiceTest" time="0.02">
        </testcase>
        <testcase name="errorResponse" classname="GeocodingServiceTest" time="0.01">
        </testcase>
        <testcase name="successResponse" classname="GeocodingServiceTest" time="0.01">
        </testcase>
        <testcase name="createFileFailsWhenIncorrectBase64Data" classname="FileUtilitiesTest" time="0.10">
        </testcase>
        <testcase name="createFileFailsWhenIncorrectFilename" classname="FileUtilitiesTest" time="0.02">
        </testcase>
        <testcase name="createFileFailsWhenIncorrectRecordId" classname="FileUtilitiesTest" time="0.25">
        </testcase>
        <testcase name="createFileSucceedsWhenCorrectInput" classname="FileUtilitiesTest" time="0.26">
        </testcase>
        <testcase name="testIterableForLoop" classname="MyIterableTest" time="0.01">
        </testcase>
        <testcase name="test_All" classname="POV_ControllerTest" time="0.96">
        </testcase>
        <testcase name="testSayHello" classname="HelloWorldTest" time="0.01">
        </testcase>
        <testcase name="importSampleData" classname="TestSampleDataController" time="0.24">
        </testcase>
        <testcase name="getAccounts" classname="AccountControllerTests" time="0.12">
        </testcase>
        <testcase name="returnsNumber" classname="FizzBuzzTests" time="0.01">
        </testcase>
    </testsuite>
</testsuites>
